<?xml version="1.0" encoding="UTF-8"?>
<!-- Generated by org.testng.reporters.JUnitXMLReporter -->
<testsuite hostname="DESKTOP-OMH2J3V" ignored="0" name="Default test" tests="2" failures="0" timestamp="2021-10-04T16:20:23 IST" time="30.202" errors="0">
  <testcase name="runScenario" time="14.544" classname="io.cucumber.testng.AbstractTestNGCucumberTests"/>
  <testcase name="runScenario" time="11.627" classname="io.cucumber.testng.AbstractTestNGCucumberTests"/>
</testsuite> <!-- Default test -->
