<?xml version="1.0" encoding="UTF-8"?>
<testng-results skipped="0" failed="0" ignored="0" total="2" passed="2">
  <reporter-output>
  </reporter-output>
  <suite name="Default suite" duration-ms="30202" started-at="2021-10-04T16:19:52 IST" finished-at="2021-10-04T16:20:23 IST">
    <groups>
      <group name="cucumber">
        <method signature="AbstractTestNGCucumberTests.runScenario(io.cucumber.testng.PickleWrapper,io.cucumber.testng.FeatureWrapper)[pri:0, instance:runner.testRunner@4e718207]" name="runScenario" class="io.cucumber.testng.AbstractTestNGCucumberTests"/>
      </group> <!-- cucumber -->
    </groups>
    <test name="Default test" duration-ms="30202" started-at="2021-10-04T16:19:52 IST" finished-at="2021-10-04T16:20:23 IST">
      <class name="runner.testRunner">
        <test-method status="PASS" signature="setUpClass()[pri:0, instance:runner.testRunner@4e718207]" name="setUpClass" is-config="true" duration-ms="920" started-at="2021-10-04T16:19:52 IST" finished-at="2021-10-04T16:19:53 IST">
          <reporter-output>
          </reporter-output>
        </test-method> <!-- setUpClass -->
        <test-method status="PASS" signature="runScenario(io.cucumber.testng.PickleWrapper,io.cucumber.testng.FeatureWrapper)[pri:0, instance:runner.testRunner@4e718207]" name="runScenario" duration-ms="14544" started-at="2021-10-04T16:19:53 IST" description="Runs Cucumber Scenarios" data-provider="scenarios" finished-at="2021-10-04T16:20:08 IST">
          <params>
            <param index="0">
              <value>
                <![CDATA["Validate Login"]]>
              </value>
            </param>
            <param index="1">
              <value>
                <![CDATA["Optional[CRM Login Feature]"]]>
              </value>
            </param>
          </params>
          <reporter-output>
          </reporter-output>
        </test-method> <!-- runScenario -->
        <test-method status="PASS" signature="runScenario(io.cucumber.testng.PickleWrapper,io.cucumber.testng.FeatureWrapper)[pri:0, instance:runner.testRunner@4e718207]" name="runScenario" duration-ms="11627" started-at="2021-10-04T16:20:08 IST" description="Runs Cucumber Scenarios" data-provider="scenarios" finished-at="2021-10-04T16:20:20 IST">
          <params>
            <param index="0">
              <value>
                <![CDATA["Validate Login"]]>
              </value>
            </param>
            <param index="1">
              <value>
                <![CDATA["Optional[CRM Login Feature]"]]>
              </value>
            </param>
          </params>
          <reporter-output>
          </reporter-output>
        </test-method> <!-- runScenario -->
        <test-method status="PASS" signature="tearDownClass()[pri:0, instance:runner.testRunner@4e718207]" name="tearDownClass" is-config="true" duration-ms="3023" started-at="2021-10-04T16:20:20 IST" finished-at="2021-10-04T16:20:23 IST">
          <reporter-output>
          </reporter-output>
        </test-method> <!-- tearDownClass -->
      </class> <!-- runner.testRunner -->
    </test> <!-- Default test -->
  </suite> <!-- Default suite -->
</testng-results>
